relationship=Husband marital=Married-civ-spouse gain=none loss=none	16080
marital=Married-civ-spouse country=United-States gain=none	17571
race=White country=United-States gain=none	35140
age=middle-aged workclass=Private loss=none	15663
sex=Male	32650
sex=Female country=United-States	14609
salary<=50K country=United-States	33138
relationship=Husband marital=Married-civ-spouse race=White country=United-States loss=none	15432
marital=Married-civ-spouse sex=Male race=White loss=none	16846
salary<=50K country=United-States loss=none	32107
relationship=Husband loss=none	18457
relationship=Husband sex=Male race=White	17857
hours=full-time workclass=Private country=United-States	18008
hours=full-time country=United-States loss=none	24221
marital=Married-civ-spouse country=United-States	20003
relationship=Husband marital=Married-civ-spouse sex=Male race=White loss=none	16699
hours=full-time race=White country=United-States gain=none loss=none	18878
race=White gain=none loss=none	36164
hours=full-time sex=Male country=United-States loss=none	15228
marital=Married-civ-spouse sex=Male country=United-States gain=none	15695
age=middle-aged workclass=Private country=United-States	14613
hours=full-time sex=Male gain=none loss=none	15868
hours=full-time salary<=50K	23026
workclass=Private country=United-States gain=none	27789
relationship=Husband marital=Married-civ-spouse loss=none	18445
sex=Male race=White gain=none loss=none	24392
marital=Never-married gain=none loss=none	14952
edu_num=9 gain=none	14755
marital=Never-married salary<=50K	15384
age=middle-aged salary<=50K gain=none loss=none	14967
relationship=Husband sex=Male gain=none	17349
sex=Male country=United-States gain=none loss=none	24832
relationship=Husband marital=Married-civ-spouse gain=none	17339
workclass=Private race=White country=United-States gain=none loss=none	23159
hours=full-time salary<=50K race=White country=United-States loss=none	16349
sex=Male workclass=Private country=United-States	19753
relationship=Husband sex=Male loss=none	18456
sex=Male workclass=Private race=White country=United-States loss=none	16919
age=middle-aged sex=Male race=White	14617
hours=full-time workclass=Private gain=none	19303
sex=Male race=White loss=none	27177
relationship=Husband marital=Married-civ-spouse sex=Male race=White gain=none	15681
relationship=Husband sex=Male	19715
workclass=Private salary<=50K gain=none	25477
sex=Male race=White	28735
sex=Male country=United-States loss=none	27651
salary<=50K	37155
sex=Female gain=none loss=none	14700
workclass=Private salary<=50K	26519
sex=Male workclass=Private	22307
sex=Male race=White country=United-States gain=none	23840
workclass=Private salary<=50K race=White gain=none loss=none	20719
relationship=Husband country=United-States loss=none	16587
hours=full-time workclass=Private salary<=50K gain=none loss=none	15964
hours=full-time salary<=50K country=United-States gain=none loss=none	18836
relationship=Husband sex=Male race=White gain=none loss=none	14542
relationship=Husband marital=Married-civ-spouse sex=Male race=White	17847
relationship=Husband marital=Married-civ-spouse sex=Male country=United-States	17720
education=HS-grad	15784
relationship=Husband race=White gain=none loss=none	14543
marital=Never-married loss=none	15629
workclass=Private salary<=50K country=United-States gain=none loss=none	21761
hours=full-time loss=none	27384
hours=full-time workclass=Private loss=none	19851
sex=Male race=White gain=none	25950
relationship=Husband country=United-States gain=none	15582
age=middle-aged sex=Male	16612
race=White country=United-States loss=none	36585
relationship=Husband marital=Married-civ-spouse sex=Male country=United-States gain=none	15570
relationship=Husband race=White country=United-States loss=none	15442
sex=Male workclass=Private salary<=50K loss=none	15529
relationship=Husband marital=Married-civ-spouse	19704
age=middle-aged salary<=50K loss=none	15658
salary<=50K race=White country=United-States	28501
marital=Married-civ-spouse race=White	20054
hours=full-time workclass=Private gain=none loss=none	18519
hours=full-time salary<=50K race=White gain=none	17913
sex=Female gain=none	15254
relationship=Husband gain=none loss=none	16091
age=middle-aged workclass=Private	16522
salary<=50K country=United-States gain=none loss=none	30708
marital=Married-civ-spouse sex=Male gain=none loss=none	16256
marital=Married-civ-spouse sex=Male country=United-States	17857
hours=full-time sex=Male race=White loss=none	14790
workclass=Private salary<=50K loss=none	25758
hours=full-time workclass=Private race=White	17102
age=middle-aged race=White	20094
workclass=Private salary<=50K race=White country=United-States	20180
sex=Male race=White country=United-States loss=none	24976
relationship=Husband race=White loss=none	16710
marital=Married-civ-spouse sex=Male country=United-States loss=none	16709
marital=Married-civ-spouse sex=Male race=White gain=none	15818
marital=Never-married	16117
age=middle-aged country=United-States loss=none	19977
sex=Male salary<=50K race=White country=United-States gain=none	17083
relationship=Husband marital=Married-civ-spouse race=White country=United-States	16521
sex=Male workclass=Private race=White	19602
marital=Never-married salary<=50K gain=none loss=none	14506
marital=Married-civ-spouse race=White gain=none loss=none	16336
relationship=Husband sex=Male race=White country=United-States loss=none	15441
sex=Male salary<=50K race=White country=United-States loss=none	17286
edu_num=9 loss=none	15195
relationship=Husband sex=Male race=White country=United-States gain=none	14503
hours=full-time workclass=Private race=White country=United-States loss=none	14794
hours=full-time gain=none loss=none	25357
sex=Male race=White country=United-States gain=none loss=none	22366
marital=Married-civ-spouse race=White country=United-States gain=none	16225
sex=Male salary<=50K race=White country=United-States gain=none loss=none	16464
relationship=Husband gain=none	17350
marital=Married-civ-spouse race=White country=United-States	18502
sex=Male salary<=50K race=White	19670
hours=full-time salary<=50K race=White country=United-States	16878
workclass=Private salary<=50K race=White	22282
salary<=50K race=White	31155
education=HS-grad country=United-States	14570
workclass=Private gain=none loss=none	29851
marital=Married-civ-spouse gain=none loss=none	18285
edu_num=9 education=HS-grad country=United-States	14570
hours=full-time sex=Male country=United-States	15983
marital=Married-civ-spouse sex=Male race=White gain=none loss=none	14667
sex=Male workclass=Private gain=none loss=none	19219
hours=full-time salary<=50K country=United-States loss=none	19662
relationship=Husband marital=Married-civ-spouse race=White gain=none loss=none	14534
marital=Married-civ-spouse sex=Male race=White country=United-States	16634
relationship=Husband marital=Married-civ-spouse sex=Male race=White gain=none loss=none	14533
sex=Male salary<=50K	22732
salary<=50K country=United-States gain=none	31739
hours=full-time race=White country=United-States gain=none	19829
marital=Married-civ-spouse sex=Male race=White country=United-States gain=none	14597
relationship=Husband marital=Married-civ-spouse sex=Male	19703
marital=Married-civ-spouse race=White country=United-States gain=none loss=none	15016
workclass=Private salary<=50K country=United-States gain=none	22445
age=young	14515
relationship=Husband country=United-States	17733
relationship=Husband race=White	17858
age=middle-aged race=White loss=none	18959
country=United-States loss=none	41752
hours=full-time salary<=50K race=White country=United-States gain=none loss=none	15640
sex=Male country=United-States	29223
sex=Female loss=none	15638
marital=Married-civ-spouse country=United-States gain=none loss=none	16290
workclass=Private loss=none	32431
country=United-States gain=none	40146
marital=Married-civ-spouse sex=Male race=White country=United-States loss=none	15543
workclass=Private salary<=50K country=United-States loss=none	22696
age=middle-aged race=White gain=none	18145
workclass=Private gain=none	31326
sex=Male salary<=50K race=White country=United-States	17905
relationship=Husband marital=Married-civ-spouse s